CYBERSABIL FINAL AUDIT ROUND 3
Started: 2026-07-18T11:47:48+00:00
AUDIT PASS 1A - Pages CMS 22/22 editors and 428/428 fields: PASS
AUDIT PASS 1B - Current/default/reset-map parity for all 22 JSON files: PASS
AUDIT PASS 1C - 427 mapped / 413 editable / System-only lock: PASS
FULL SCHEMA PARITY AUDIT: PASS
AUDIT PASS 2A - 359 object controls mutate/diff/restore: PASS
AUDIT PASS 2B - 10 list editors / 54 card fields add-edit-delete-reorder: PASS
AUDIT PASS 2C - unknown keys and stable UUID identities preserved: PASS
AUDIT PASS 2D - exact 21-file atomic policy ownership: PASS
FULL DATA MODEL COLLISION AUDIT: PASS
AUDIT PASS 2E - strict 21-file allowlist and bounds validation: PASS
AUDIT PASS 2F - all-or-none atomic commit for 21 files: PASS
AUDIT PASS 2G - stale file SHA blocks before blob/commit creation: PASS
AUDIT PASS 2H - branch-head race blocks non-force update: PASS
FULL WORKER COLLISION AUDIT: PASS
AUDIT PASS 2I - browser category/edit/review/atomic-save smoke: PASS
AUDIT PASS 2J - Website and Portfolio list-manager UI smoke: PASS
AUDIT PASS 2K - conflict keeps unsaved draft: PASS
AUDIT PASS 3A - five responsive widths no horizontal overflow: PASS
AUDIT PASS 3B - mobile menu and reduced-motion render: PASS
AUDIT PASS 3C - public site runtime smoke: PASS

CyberSabil v2.10.1 validation passed.
Revision: 73801622a223c7fb0857
ROUND 3: COMPLETE PASS
Finished: 2026-07-18T11:49:06+00:00
